2025-09-06T17:38:17.697954Z  INFO tailwindcss_oxide::scanner: Provided sources:
2025-09-06T17:38:17.697988Z  INFO tailwindcss_oxide::scanner: Source: PublicSourceEntry { base: "/home/gael-lopes/Projects/BaiaoTech/FrontendBaiaoTech", pattern: "**/*", negated: false }
2025-09-06T17:38:17.698009Z  INFO tailwindcss_oxide::scanner: Optimized sources:
2025-09-06T17:38:17.698011Z  INFO tailwindcss_oxide::scanner: Source: Auto { base: "/home/gael-lopes/Projects/BaiaoTech/FrontendBaiaoTech" }
2025-09-06T17:38:17.700752Z  INFO scan_sources: tailwindcss_oxide::scanner: enter
2025-09-06T17:38:17.701051Z  INFO scan_sources: tailwindcss_oxide::scanner: Discovering "/home/gael-lopes/Projects/BaiaoTech/FrontendBaiaoTech/package.json"
2025-09-06T17:38:17.701065Z  INFO scan_sources: tailwindcss_oxide::scanner: Discovering "/home/gael-lopes/Projects/BaiaoTech/FrontendBaiaoTech/components.json"
2025-09-06T17:38:17.701076Z  INFO scan_sources: tailwindcss_oxide::scanner: Discovering "/home/gael-lopes/Projects/BaiaoTech/FrontendBaiaoTech/public"
2025-09-06T17:38:17.701095Z  INFO scan_sources: tailwindcss_oxide::scanner: Discovering "/home/gael-lopes/Projects/BaiaoTech/FrontendBaiaoTech/public/file.svg"
2025-09-06T17:38:17.701104Z  INFO scan_sources: tailwindcss_oxide::scanner: Discovering "/home/gael-lopes/Projects/BaiaoTech/FrontendBaiaoTech/public/vercel.svg"
2025-09-06T17:38:17.701111Z  INFO scan_sources: tailwindcss_oxide::scanner: Discovering "/home/gael-lopes/Projects/BaiaoTech/FrontendBaiaoTech/public/window.svg"
2025-09-06T17:38:17.701116Z  INFO scan_sources: tailwindcss_oxide::scanner: Discovering "/home/gael-lopes/Projects/BaiaoTech/FrontendBaiaoTech/public/globe.svg"
2025-09-06T17:38:17.701123Z  INFO scan_sources: tailwindcss_oxide::scanner: Discovering "/home/gael-lopes/Projects/BaiaoTech/FrontendBaiaoTech/public/next.svg"
2025-09-06T17:38:17.701132Z  INFO scan_sources: tailwindcss_oxide::scanner: Discovering "/home/gael-lopes/Projects/BaiaoTech/FrontendBaiaoTech/deploy.sh"
2025-09-06T17:38:17.701138Z  INFO scan_sources: tailwindcss_oxide::scanner: Discovering "/home/gael-lopes/Projects/BaiaoTech/FrontendBaiaoTech/jsconfig.json"
2025-09-06T17:38:17.701144Z  INFO scan_sources: tailwindcss_oxide::scanner: Discovering "/home/gael-lopes/Projects/BaiaoTech/FrontendBaiaoTech/tsconfig.json"
2025-09-06T17:38:17.701161Z  INFO scan_sources: tailwindcss_oxide::scanner: Discovering "/home/gael-lopes/Projects/BaiaoTech/FrontendBaiaoTech/README.md"
2025-09-06T17:38:17.701167Z  INFO scan_sources: tailwindcss_oxide::scanner: Discovering "/home/gael-lopes/Projects/BaiaoTech/FrontendBaiaoTech/tailwind.config.js"
2025-09-06T17:38:17.701177Z  INFO scan_sources: tailwindcss_oxide::scanner: Discovering "/home/gael-lopes/Projects/BaiaoTech/FrontendBaiaoTech/docker-compose.yml"
2025-09-06T17:38:17.701197Z  INFO scan_sources: tailwindcss_oxide::scanner: Discovering "/home/gael-lopes/Projects/BaiaoTech/FrontendBaiaoTech/.dockerignore"
2025-09-06T17:38:17.701206Z  INFO scan_sources: tailwindcss_oxide::scanner: Discovering "/home/gael-lopes/Projects/BaiaoTech/FrontendBaiaoTech/eslint.config.mjs"
2025-09-06T17:38:17.701225Z  INFO scan_sources: tailwindcss_oxide::scanner: Discovering "/home/gael-lopes/Projects/BaiaoTech/FrontendBaiaoTech/src"
2025-09-06T17:38:17.701242Z  INFO scan_sources: tailwindcss_oxide::scanner: Discovering "/home/gael-lopes/Projects/BaiaoTech/FrontendBaiaoTech/src/routes"
2025-09-06T17:38:17.701255Z  INFO scan_sources: tailwindcss_oxide::scanner: Discovering "/home/gael-lopes/Projects/BaiaoTech/FrontendBaiaoTech/src/routes/api.routes.ts"
2025-09-06T17:38:17.701265Z  INFO scan_sources: tailwindcss_oxide::scanner: Discovering "/home/gael-lopes/Projects/BaiaoTech/FrontendBaiaoTech/src/app"
2025-09-06T17:38:17.701278Z  INFO scan_sources: tailwindcss_oxide::scanner: Discovering "/home/gael-lopes/Projects/BaiaoTech/FrontendBaiaoTech/src/app/page.tsx"
2025-09-06T17:38:17.701284Z  INFO scan_sources: tailwindcss_oxide::scanner: Discovering "/home/gael-lopes/Projects/BaiaoTech/FrontendBaiaoTech/src/app/globals.css"
2025-09-06T17:38:17.701292Z  INFO scan_sources: tailwindcss_oxide::scanner: Discovering "/home/gael-lopes/Projects/BaiaoTech/FrontendBaiaoTech/src/app/layout.tsx"
2025-09-06T17:38:17.701311Z  INFO scan_sources: tailwindcss_oxide::scanner: Discovering "/home/gael-lopes/Projects/BaiaoTech/FrontendBaiaoTech/src/components"
2025-09-06T17:38:17.701324Z  INFO scan_sources: tailwindcss_oxide::scanner: Discovering "/home/gael-lopes/Projects/BaiaoTech/FrontendBaiaoTech/src/components/EventoPrincipal.tsx"
2025-09-06T17:38:17.701331Z  INFO scan_sources: tailwindcss_oxide::scanner: Discovering "/home/gael-lopes/Projects/BaiaoTech/FrontendBaiaoTech/src/components/skeletonCard.tsx"
2025-09-06T17:38:17.701337Z  INFO scan_sources: tailwindcss_oxide::scanner: Discovering "/home/gael-lopes/Projects/BaiaoTech/FrontendBaiaoTech/src/components/CategoriasCarousel.tsx"
2025-09-06T17:38:17.701343Z  INFO scan_sources: tailwindcss_oxide::scanner: Discovering "/home/gael-lopes/Projects/BaiaoTech/FrontendBaiaoTech/src/components/proximosEventos.tsx"
2025-09-06T17:38:17.701349Z  INFO scan_sources: tailwindcss_oxide::scanner: Discovering "/home/gael-lopes/Projects/BaiaoTech/FrontendBaiaoTech/src/components/categorias.ts"
2025-09-06T17:38:17.701360Z  INFO scan_sources: tailwindcss_oxide::scanner: Discovering "/home/gael-lopes/Projects/BaiaoTech/FrontendBaiaoTech/src/components/ui"
2025-09-06T17:38:17.701374Z  INFO scan_sources: tailwindcss_oxide::scanner: Discovering "/home/gael-lopes/Projects/BaiaoTech/FrontendBaiaoTech/src/components/ui/button.tsx"
2025-09-06T17:38:17.701381Z  INFO scan_sources: tailwindcss_oxide::scanner: Discovering "/home/gael-lopes/Projects/BaiaoTech/FrontendBaiaoTech/src/components/ui/select.tsx"
2025-09-06T17:38:17.701386Z  INFO scan_sources: tailwindcss_oxide::scanner: Discovering "/home/gael-lopes/Projects/BaiaoTech/FrontendBaiaoTech/src/components/ui/skeleton.tsx"
2025-09-06T17:38:17.701392Z  INFO scan_sources: tailwindcss_oxide::scanner: Discovering "/home/gael-lopes/Projects/BaiaoTech/FrontendBaiaoTech/src/components/ui/carousel.tsx"
2025-09-06T17:38:17.701401Z  INFO scan_sources: tailwindcss_oxide::scanner: Discovering "/home/gael-lopes/Projects/BaiaoTech/FrontendBaiaoTech/src/components/ui/accordion.tsx"
2025-09-06T17:38:17.701413Z  INFO scan_sources: tailwindcss_oxide::scanner: Discovering "/home/gael-lopes/Projects/BaiaoTech/FrontendBaiaoTech/src/components/Main"
2025-09-06T17:38:17.701425Z  INFO scan_sources: tailwindcss_oxide::scanner: Discovering "/home/gael-lopes/Projects/BaiaoTech/FrontendBaiaoTech/src/components/Main/mainComunidades.tsx"
2025-09-06T17:38:17.701432Z  INFO scan_sources: tailwindcss_oxide::scanner: Discovering "/home/gael-lopes/Projects/BaiaoTech/FrontendBaiaoTech/src/components/Main/mainEventosPage.tsx"
2025-09-06T17:38:17.701438Z  INFO scan_sources: tailwindcss_oxide::scanner: Discovering "/home/gael-lopes/Projects/BaiaoTech/FrontendBaiaoTech/src/components/Main/mainCategoriasPage.tsx"
2025-09-06T17:38:17.701443Z  INFO scan_sources: tailwindcss_oxide::scanner: Discovering "/home/gael-lopes/Projects/BaiaoTech/FrontendBaiaoTech/src/components/Main/index.tsx"
2025-09-06T17:38:17.701454Z  INFO scan_sources: tailwindcss_oxide::scanner: Discovering "/home/gael-lopes/Projects/BaiaoTech/FrontendBaiaoTech/src/components/Footer"
2025-09-06T17:38:17.701465Z  INFO scan_sources: tailwindcss_oxide::scanner: Discovering "/home/gael-lopes/Projects/BaiaoTech/FrontendBaiaoTech/src/components/Footer/index.tsx"
2025-09-06T17:38:17.701473Z  INFO scan_sources: tailwindcss_oxide::scanner: Discovering "/home/gael-lopes/Projects/BaiaoTech/FrontendBaiaoTech/src/components/Header"
2025-09-06T17:38:17.701485Z  INFO scan_sources: tailwindcss_oxide::scanner: Discovering "/home/gael-lopes/Projects/BaiaoTech/FrontendBaiaoTech/src/components/Header/index.tsx"
2025-09-06T17:38:17.701494Z  INFO scan_sources: tailwindcss_oxide::scanner: Discovering "/home/gael-lopes/Projects/BaiaoTech/FrontendBaiaoTech/src/components/FilterButton.tsx"
2025-09-06T17:38:17.701502Z  INFO scan_sources: tailwindcss_oxide::scanner: Discovering "/home/gael-lopes/Projects/BaiaoTech/FrontendBaiaoTech/src/services"
2025-09-06T17:38:17.701515Z  INFO scan_sources: tailwindcss_oxide::scanner: Discovering "/home/gael-lopes/Projects/BaiaoTech/FrontendBaiaoTech/src/services/api.ts"
2025-09-06T17:38:17.701523Z  INFO scan_sources: tailwindcss_oxide::scanner: Discovering "/home/gael-lopes/Projects/BaiaoTech/FrontendBaiaoTech/src/types"
2025-09-06T17:38:17.701537Z  INFO scan_sources: tailwindcss_oxide::scanner: Discovering "/home/gael-lopes/Projects/BaiaoTech/FrontendBaiaoTech/src/types/index.ts"
2025-09-06T17:38:17.701545Z  INFO scan_sources: tailwindcss_oxide::scanner: Discovering "/home/gael-lopes/Projects/BaiaoTech/FrontendBaiaoTech/src/assets"
2025-09-06T17:38:17.701557Z  INFO scan_sources: tailwindcss_oxide::scanner: Discovering "/home/gael-lopes/Projects/BaiaoTech/FrontendBaiaoTech/src/assets/twitter.svg"
2025-09-06T17:38:17.701563Z  INFO scan_sources: tailwindcss_oxide::scanner: Discovering "/home/gael-lopes/Projects/BaiaoTech/FrontendBaiaoTech/src/assets/linkedin.svg"
2025-09-06T17:38:17.701568Z  INFO scan_sources: tailwindcss_oxide::scanner: Discovering "/home/gael-lopes/Projects/BaiaoTech/FrontendBaiaoTech/src/assets/discord.svg"
2025-09-06T17:38:17.701576Z  INFO scan_sources: tailwindcss_oxide::scanner: Discovering "/home/gael-lopes/Projects/BaiaoTech/FrontendBaiaoTech/src/assets/instagram.svg"
2025-09-06T17:38:17.701584Z  INFO scan_sources: tailwindcss_oxide::scanner: Discovering "/home/gael-lopes/Projects/BaiaoTech/FrontendBaiaoTech/src/assets/logo"
2025-09-06T17:38:17.701595Z  INFO scan_sources: tailwindcss_oxide::scanner: Discovering "/home/gael-lopes/Projects/BaiaoTech/FrontendBaiaoTech/src/assets/logo/20.svg"
2025-09-06T17:38:17.701606Z  INFO scan_sources: tailwindcss_oxide::scanner: Discovering "/home/gael-lopes/Projects/BaiaoTech/FrontendBaiaoTech/src/assets/logo/21.svg"
2025-09-06T17:38:17.701614Z  INFO scan_sources: tailwindcss_oxide::scanner: Discovering "/home/gael-lopes/Projects/BaiaoTech/FrontendBaiaoTech/src/assets/lupa.svg"
2025-09-06T17:38:17.701620Z  INFO scan_sources: tailwindcss_oxide::scanner: Discovering "/home/gael-lopes/Projects/BaiaoTech/FrontendBaiaoTech/src/assets/arrow-left.svg"
2025-09-06T17:38:17.701626Z  INFO scan_sources: tailwindcss_oxide::scanner: Discovering "/home/gael-lopes/Projects/BaiaoTech/FrontendBaiaoTech/src/assets/chevron-bottom.svg"
2025-09-06T17:38:17.701631Z  INFO scan_sources: tailwindcss_oxide::scanner: Discovering "/home/gael-lopes/Projects/BaiaoTech/FrontendBaiaoTech/src/assets/pin.svg"
2025-09-06T17:38:17.701638Z  INFO scan_sources: tailwindcss_oxide::scanner: Discovering "/home/gael-lopes/Projects/BaiaoTech/FrontendBaiaoTech/src/assets/arrow-right.svg"
2025-09-06T17:38:17.701647Z  INFO scan_sources: tailwindcss_oxide::scanner: Discovering "/home/gael-lopes/Projects/BaiaoTech/FrontendBaiaoTech/src/assets/categorias_icons"
2025-09-06T17:38:17.701674Z  INFO scan_sources: tailwindcss_oxide::scanner: Discovering "/home/gael-lopes/Projects/BaiaoTech/FrontendBaiaoTech/src/assets/categorias_icons/2.svg"
2025-09-06T17:38:17.701680Z  INFO scan_sources: tailwindcss_oxide::scanner: Discovering "/home/gael-lopes/Projects/BaiaoTech/FrontendBaiaoTech/src/assets/categorias_icons/1.svg"
2025-09-06T17:38:17.701687Z  INFO scan_sources: tailwindcss_oxide::scanner: Discovering "/home/gael-lopes/Projects/BaiaoTech/FrontendBaiaoTech/src/assets/categorias_icons/9.svg"
2025-09-06T17:38:17.701693Z  INFO scan_sources: tailwindcss_oxide::scanner: Discovering "/home/gael-lopes/Projects/BaiaoTech/FrontendBaiaoTech/src/assets/categorias_icons/13.svg"
2025-09-06T17:38:17.701699Z  INFO scan_sources: tailwindcss_oxide::scanner: Discovering "/home/gael-lopes/Projects/BaiaoTech/FrontendBaiaoTech/src/assets/categorias_icons/7.svg"
2025-09-06T17:38:17.701705Z  INFO scan_sources: tailwindcss_oxide::scanner: Discovering "/home/gael-lopes/Projects/BaiaoTech/FrontendBaiaoTech/src/assets/categorias_icons/12.svg"
2025-09-06T17:38:17.701710Z  INFO scan_sources: tailwindcss_oxide::scanner: Discovering "/home/gael-lopes/Projects/BaiaoTech/FrontendBaiaoTech/src/assets/categorias_icons/11.svg"
2025-09-06T17:38:17.701721Z  INFO scan_sources: tailwindcss_oxide::scanner: Discovering "/home/gael-lopes/Projects/BaiaoTech/FrontendBaiaoTech/src/assets/categorias_icons/15.svg"
2025-09-06T17:38:17.701731Z  INFO scan_sources: tailwindcss_oxide::scanner: Discovering "/home/gael-lopes/Projects/BaiaoTech/FrontendBaiaoTech/src/assets/categorias_icons/18.svg"
2025-09-06T17:38:17.701738Z  INFO scan_sources: tailwindcss_oxide::scanner: Discovering "/home/gael-lopes/Projects/BaiaoTech/FrontendBaiaoTech/src/assets/categorias_icons/16.svg"
2025-09-06T17:38:17.701745Z  INFO scan_sources: tailwindcss_oxide::scanner: Discovering "/home/gael-lopes/Projects/BaiaoTech/FrontendBaiaoTech/src/assets/categorias_icons/8.svg"
2025-09-06T17:38:17.701752Z  INFO scan_sources: tailwindcss_oxide::scanner: Discovering "/home/gael-lopes/Projects/BaiaoTech/FrontendBaiaoTech/src/assets/categorias_icons/3.svg"
2025-09-06T17:38:17.701757Z  INFO scan_sources: tailwindcss_oxide::scanner: Discovering "/home/gael-lopes/Projects/BaiaoTech/FrontendBaiaoTech/src/assets/categorias_icons/6.svg"
2025-09-06T17:38:17.701764Z  INFO scan_sources: tailwindcss_oxide::scanner: Discovering "/home/gael-lopes/Projects/BaiaoTech/FrontendBaiaoTech/src/assets/categorias_icons/5.svg"
2025-09-06T17:38:17.701769Z  INFO scan_sources: tailwindcss_oxide::scanner: Discovering "/home/gael-lopes/Projects/BaiaoTech/FrontendBaiaoTech/src/assets/categorias_icons/14.svg"
2025-09-06T17:38:17.701775Z  INFO scan_sources: tailwindcss_oxide::scanner: Discovering "/home/gael-lopes/Projects/BaiaoTech/FrontendBaiaoTech/src/assets/categorias_icons/4.svg"
2025-09-06T17:38:17.701783Z  INFO scan_sources: tailwindcss_oxide::scanner: Discovering "/home/gael-lopes/Projects/BaiaoTech/FrontendBaiaoTech/src/assets/categorias_icons/17.svg"
2025-09-06T17:38:17.701790Z  INFO scan_sources: tailwindcss_oxide::scanner: Discovering "/home/gael-lopes/Projects/BaiaoTech/FrontendBaiaoTech/src/assets/categorias_icons/10.svg"
2025-09-06T17:38:17.701798Z  INFO scan_sources: tailwindcss_oxide::scanner: Discovering "/home/gael-lopes/Projects/BaiaoTech/FrontendBaiaoTech/src/assets/filter.svg"
2025-09-06T17:38:17.701804Z  INFO scan_sources: tailwindcss_oxide::scanner: Discovering "/home/gael-lopes/Projects/BaiaoTech/FrontendBaiaoTech/src/assets/site.svg"
2025-09-06T17:38:17.701814Z  INFO scan_sources: tailwindcss_oxide::scanner: Discovering "/home/gael-lopes/Projects/BaiaoTech/FrontendBaiaoTech/src/pages"
2025-09-06T17:38:17.701832Z  INFO scan_sources: tailwindcss_oxide::scanner: Discovering "/home/gael-lopes/Projects/BaiaoTech/FrontendBaiaoTech/src/pages/categorias"
2025-09-06T17:38:17.701849Z  INFO scan_sources: tailwindcss_oxide::scanner: Discovering "/home/gael-lopes/Projects/BaiaoTech/FrontendBaiaoTech/src/pages/categorias/[genero]"
2025-09-06T17:38:17.701861Z  INFO scan_sources: tailwindcss_oxide::scanner: Discovering "/home/gael-lopes/Projects/BaiaoTech/FrontendBaiaoTech/src/pages/categorias/[genero]/index.tsx"
2025-09-06T17:38:17.701869Z  INFO scan_sources: tailwindcss_oxide::scanner: Discovering "/home/gael-lopes/Projects/BaiaoTech/FrontendBaiaoTech/src/pages/categorias/index.tsx"
2025-09-06T17:38:17.701879Z  INFO scan_sources: tailwindcss_oxide::scanner: Discovering "/home/gael-lopes/Projects/BaiaoTech/FrontendBaiaoTech/src/pages/eventos"
2025-09-06T17:38:17.701894Z  INFO scan_sources: tailwindcss_oxide::scanner: Discovering "/home/gael-lopes/Projects/BaiaoTech/FrontendBaiaoTech/src/pages/eventos/[id]"
2025-09-06T17:38:17.701908Z  INFO scan_sources: tailwindcss_oxide::scanner: Discovering "/home/gael-lopes/Projects/BaiaoTech/FrontendBaiaoTech/src/pages/eventos/[id]/index.tsx"
2025-09-06T17:38:17.701923Z  INFO scan_sources: tailwindcss_oxide::scanner: Discovering "/home/gael-lopes/Projects/BaiaoTech/FrontendBaiaoTech/src/pages/eventos/index.tsx"
2025-09-06T17:38:17.701941Z  INFO scan_sources: tailwindcss_oxide::scanner: Discovering "/home/gael-lopes/Projects/BaiaoTech/FrontendBaiaoTech/src/pages/comunidades"
2025-09-06T17:38:17.701961Z  INFO scan_sources: tailwindcss_oxide::scanner: Discovering "/home/gael-lopes/Projects/BaiaoTech/FrontendBaiaoTech/src/pages/comunidades/[id]"
2025-09-06T17:38:17.701973Z  INFO scan_sources: tailwindcss_oxide::scanner: Discovering "/home/gael-lopes/Projects/BaiaoTech/FrontendBaiaoTech/src/pages/comunidades/[id]/index.tsx"
2025-09-06T17:38:17.701981Z  INFO scan_sources: tailwindcss_oxide::scanner: Discovering "/home/gael-lopes/Projects/BaiaoTech/FrontendBaiaoTech/src/pages/comunidades/index.tsx"
2025-09-06T17:38:17.701995Z  INFO scan_sources: tailwindcss_oxide::scanner: Discovering "/home/gael-lopes/Projects/BaiaoTech/FrontendBaiaoTech/src/lib"
2025-09-06T17:38:17.702006Z  INFO scan_sources: tailwindcss_oxide::scanner: Discovering "/home/gael-lopes/Projects/BaiaoTech/FrontendBaiaoTech/src/lib/utils.ts"
2025-09-06T17:38:17.702018Z  INFO scan_sources: tailwindcss_oxide::scanner: Discovering "/home/gael-lopes/Projects/BaiaoTech/FrontendBaiaoTech/next.config.mjs"
2025-09-06T17:38:17.702024Z  INFO scan_sources: tailwindcss_oxide::scanner: Discovering "/home/gael-lopes/Projects/BaiaoTech/FrontendBaiaoTech/postcss.config.mjs"
2025-09-06T17:38:17.702033Z  INFO scan_sources: tailwindcss_oxide::scanner: Discovering "/home/gael-lopes/Projects/BaiaoTech/FrontendBaiaoTech/Dockerfile"
2025-09-06T17:38:17.702066Z  INFO scan_sources: tailwindcss_oxide::scanner: exit
2025-09-06T17:38:17.702071Z  INFO extract_candidates: tailwindcss_oxide::scanner: enter
2025-09-06T17:38:17.702081Z  INFO extract_candidates:read_all_files: tailwindcss_oxide::scanner: enter
2025-09-06T17:38:17.702083Z  INFO extract_candidates:read_all_files: tailwindcss_oxide::scanner: Reading 78 file(s)
2025-09-06T17:38:17.702553Z  INFO tailwindcss_oxide::scanner: Reading "/home/gael-lopes/Projects/BaiaoTech/FrontendBaiaoTech/src/components/skeletonCard.tsx"
2025-09-06T17:38:17.702560Z  INFO tailwindcss_oxide::scanner: Reading "/home/gael-lopes/Projects/BaiaoTech/FrontendBaiaoTech/components.json"
2025-09-06T17:38:17.702553Z  INFO tailwindcss_oxide::scanner: Reading "/home/gael-lopes/Projects/BaiaoTech/FrontendBaiaoTech/package.json"
2025-09-06T17:38:17.702574Z  INFO tailwindcss_oxide::scanner: Reading "/home/gael-lopes/Projects/BaiaoTech/FrontendBaiaoTech/src/components/categorias.ts"
2025-09-06T17:38:17.702580Z  INFO tailwindcss_oxide::scanner: Reading "/home/gael-lopes/Projects/BaiaoTech/FrontendBaiaoTech/src/components/CategoriasCarousel.tsx"
2025-09-06T17:38:17.702562Z  INFO tailwindcss_oxide::scanner: Reading "/home/gael-lopes/Projects/BaiaoTech/FrontendBaiaoTech/src/components/ui/select.tsx"
2025-09-06T17:38:17.702593Z  INFO tailwindcss_oxide::scanner: Reading "/home/gael-lopes/Projects/BaiaoTech/FrontendBaiaoTech/src/components/Main/index.tsx"
2025-09-06T17:38:17.702570Z  INFO tailwindcss_oxide::scanner: Reading "/home/gael-lopes/Projects/BaiaoTech/FrontendBaiaoTech/src/components/Main/mainEventosPage.tsx"
2025-09-06T17:38:17.702601Z  INFO tailwindcss_oxide::scanner: Reading "/home/gael-lopes/Projects/BaiaoTech/FrontendBaiaoTech/src/components/ui/skeleton.tsx"
2025-09-06T17:38:17.702601Z  INFO tailwindcss_oxide::scanner: Reading "/home/gael-lopes/Projects/BaiaoTech/FrontendBaiaoTech/src/components/Footer/index.tsx"
2025-09-06T17:38:17.702601Z  INFO tailwindcss_oxide::scanner: Reading "/home/gael-lopes/Projects/BaiaoTech/FrontendBaiaoTech/tsconfig.json"
2025-09-06T17:38:17.702614Z  INFO tailwindcss_oxide::scanner: Reading "/home/gael-lopes/Projects/BaiaoTech/FrontendBaiaoTech/src/components/ui/carousel.tsx"
2025-09-06T17:38:17.702613Z  INFO tailwindcss_oxide::scanner: Reading "/home/gael-lopes/Projects/BaiaoTech/FrontendBaiaoTech/src/components/Main/mainCategoriasPage.tsx"
2025-09-06T17:38:17.702611Z  INFO tailwindcss_oxide::scanner: Reading "/home/gael-lopes/Projects/BaiaoTech/FrontendBaiaoTech/src/assets/discord.svg"
2025-09-06T17:38:17.702617Z  INFO tailwindcss_oxide::scanner: Reading "/home/gael-lopes/Projects/BaiaoTech/FrontendBaiaoTech/src/components/Header/index.tsx"
2025-09-06T17:38:17.702561Z  INFO tailwindcss_oxide::scanner: Reading "/home/gael-lopes/Projects/BaiaoTech/FrontendBaiaoTech/src/components/proximosEventos.tsx"
2025-09-06T17:38:17.702624Z  INFO tailwindcss_oxide::scanner: Reading "/home/gael-lopes/Projects/BaiaoTech/FrontendBaiaoTech/src/assets/categorias_icons/8.svg"
2025-09-06T17:38:17.702637Z  INFO tailwindcss_oxide::scanner: Reading "/home/gael-lopes/Projects/BaiaoTech/FrontendBaiaoTech/src/pages/categorias/[genero]/index.tsx"
2025-09-06T17:38:17.702596Z  INFO tailwindcss_oxide::scanner: Reading "/home/gael-lopes/Projects/BaiaoTech/FrontendBaiaoTech/src/components/ui/button.tsx"
2025-09-06T17:38:17.702644Z  INFO tailwindcss_oxide::scanner: Reading "/home/gael-lopes/Projects/BaiaoTech/FrontendBaiaoTech/src/pages/categorias/index.tsx"
2025-09-06T17:38:17.702618Z  INFO tailwindcss_oxide::scanner: Reading "/home/gael-lopes/Projects/BaiaoTech/FrontendBaiaoTech/README.md"
2025-09-06T17:38:17.702622Z  INFO tailwindcss_oxide::scanner: Reading "/home/gael-lopes/Projects/BaiaoTech/FrontendBaiaoTech/src/components/ui/accordion.tsx"
2025-09-06T17:38:17.702655Z  INFO tailwindcss_oxide::scanner: Reading "/home/gael-lopes/Projects/BaiaoTech/FrontendBaiaoTech/tailwind.config.js"
2025-09-06T17:38:17.702589Z  INFO tailwindcss_oxide::scanner: Reading "/home/gael-lopes/Projects/BaiaoTech/FrontendBaiaoTech/src/components/FilterButton.tsx"
2025-09-06T17:38:17.702659Z  INFO tailwindcss_oxide::scanner: Reading "/home/gael-lopes/Projects/BaiaoTech/FrontendBaiaoTech/src/types/index.ts"
2025-09-06T17:38:17.702631Z  INFO tailwindcss_oxide::scanner: Reading "/home/gael-lopes/Projects/BaiaoTech/FrontendBaiaoTech/src/components/Main/mainComunidades.tsx"
2025-09-06T17:38:17.702673Z  INFO tailwindcss_oxide::scanner: Reading "/home/gael-lopes/Projects/BaiaoTech/FrontendBaiaoTech/src/assets/twitter.svg"
2025-09-06T17:38:17.702673Z  INFO tailwindcss_oxide::scanner: Reading "/home/gael-lopes/Projects/BaiaoTech/FrontendBaiaoTech/src/services/api.ts"
2025-09-06T17:38:17.702680Z  INFO tailwindcss_oxide::scanner: Reading "/home/gael-lopes/Projects/BaiaoTech/FrontendBaiaoTech/src/assets/linkedin.svg"
2025-09-06T17:38:17.702694Z  INFO tailwindcss_oxide::scanner: Reading "/home/gael-lopes/Projects/BaiaoTech/FrontendBaiaoTech/src/assets/categorias_icons/3.svg"
2025-09-06T17:38:17.702575Z  INFO tailwindcss_oxide::scanner: Reading "/home/gael-lopes/Projects/BaiaoTech/FrontendBaiaoTech/public/file.svg"
2025-09-06T17:38:17.702714Z  INFO tailwindcss_oxide::scanner: Reading "/home/gael-lopes/Projects/BaiaoTech/FrontendBaiaoTech/public/window.svg"
2025-09-06T17:38:17.702650Z  INFO tailwindcss_oxide::scanner: Reading "/home/gael-lopes/Projects/BaiaoTech/FrontendBaiaoTech/src/assets/categorias_icons/2.svg"
2025-09-06T17:38:17.702668Z  INFO tailwindcss_oxide::scanner: Reading "/home/gael-lopes/Projects/BaiaoTech/FrontendBaiaoTech/docker-compose.yml"
2025-09-06T17:38:17.702656Z  INFO tailwindcss_oxide::scanner: Reading "/home/gael-lopes/Projects/BaiaoTech/FrontendBaiaoTech/src/assets/lupa.svg"
2025-09-06T17:38:17.702741Z  INFO tailwindcss_oxide::scanner: Reading "/home/gael-lopes/Projects/BaiaoTech/FrontendBaiaoTech/.dockerignore"
2025-09-06T17:38:17.702753Z  INFO tailwindcss_oxide::scanner: Reading "/home/gael-lopes/Projects/BaiaoTech/FrontendBaiaoTech/src/assets/categorias_icons/1.svg"
2025-09-06T17:38:17.702732Z  INFO tailwindcss_oxide::scanner: Reading "/home/gael-lopes/Projects/BaiaoTech/FrontendBaiaoTech/public/globe.svg"
2025-09-06T17:38:17.702732Z  INFO tailwindcss_oxide::scanner: Reading "/home/gael-lopes/Projects/BaiaoTech/FrontendBaiaoTech/public/next.svg"
2025-09-06T17:38:17.702735Z  INFO tailwindcss_oxide::scanner: Reading "/home/gael-lopes/Projects/BaiaoTech/FrontendBaiaoTech/src/assets/categorias_icons/6.svg"
2025-09-06T17:38:17.702676Z  INFO tailwindcss_oxide::scanner: Reading "/home/gael-lopes/Projects/BaiaoTech/FrontendBaiaoTech/src/pages/eventos/[id]/index.tsx"
2025-09-06T17:38:17.702632Z  INFO tailwindcss_oxide::scanner: Reading "/home/gael-lopes/Projects/BaiaoTech/FrontendBaiaoTech/src/assets/instagram.svg"
2025-09-06T17:38:17.702678Z  INFO tailwindcss_oxide::scanner: Reading "/home/gael-lopes/Projects/BaiaoTech/FrontendBaiaoTech/public/vercel.svg"
2025-09-06T17:38:17.702841Z  INFO tailwindcss_oxide::scanner: Reading "/home/gael-lopes/Projects/BaiaoTech/FrontendBaiaoTech/src/assets/categorias_icons/5.svg"
2025-09-06T17:38:17.702760Z  INFO tailwindcss_oxide::scanner: Reading "/home/gael-lopes/Projects/BaiaoTech/FrontendBaiaoTech/src/assets/arrow-left.svg"
2025-09-06T17:38:17.702762Z  INFO tailwindcss_oxide::scanner: Reading "/home/gael-lopes/Projects/BaiaoTech/FrontendBaiaoTech/src/assets/categorias_icons/4.svg"
2025-09-06T17:38:17.702875Z  INFO tailwindcss_oxide::scanner: Reading "/home/gael-lopes/Projects/BaiaoTech/FrontendBaiaoTech/next.config.mjs"
2025-09-06T17:38:17.702810Z  INFO tailwindcss_oxide::scanner: Reading "/home/gael-lopes/Projects/BaiaoTech/FrontendBaiaoTech/deploy.sh"
2025-09-06T17:38:17.702895Z  INFO tailwindcss_oxide::scanner: Reading "/home/gael-lopes/Projects/BaiaoTech/FrontendBaiaoTech/jsconfig.json"
2025-09-06T17:38:17.702894Z  INFO tailwindcss_oxide::scanner: Reading "/home/gael-lopes/Projects/BaiaoTech/FrontendBaiaoTech/postcss.config.mjs"
2025-09-06T17:38:17.702912Z  INFO tailwindcss_oxide::scanner: Reading "/home/gael-lopes/Projects/BaiaoTech/FrontendBaiaoTech/src/assets/pin.svg"
2025-09-06T17:38:17.702918Z  INFO tailwindcss_oxide::scanner: Reading "/home/gael-lopes/Projects/BaiaoTech/FrontendBaiaoTech/Dockerfile"
2025-09-06T17:38:17.702923Z  INFO tailwindcss_oxide::scanner: Reading "/home/gael-lopes/Projects/BaiaoTech/FrontendBaiaoTech/src/assets/arrow-right.svg"
2025-09-06T17:38:17.702932Z  INFO tailwindcss_oxide::scanner: Reading "/home/gael-lopes/Projects/BaiaoTech/FrontendBaiaoTech/src/app/page.tsx"
2025-09-06T17:38:17.702942Z  INFO tailwindcss_oxide::scanner: Reading "/home/gael-lopes/Projects/BaiaoTech/FrontendBaiaoTech/src/routes/api.routes.ts"
2025-09-06T17:38:17.702948Z  INFO tailwindcss_oxide::scanner: Reading "/home/gael-lopes/Projects/BaiaoTech/FrontendBaiaoTech/src/app/layout.tsx"
2025-09-06T17:38:17.702949Z  INFO tailwindcss_oxide::scanner: Reading "/home/gael-lopes/Projects/BaiaoTech/FrontendBaiaoTech/src/assets/categorias_icons/17.svg"
2025-09-06T17:38:17.702956Z  INFO tailwindcss_oxide::scanner: Reading "/home/gael-lopes/Projects/BaiaoTech/FrontendBaiaoTech/src/assets/filter.svg"
2025-09-06T17:38:17.702957Z  INFO tailwindcss_oxide::scanner: Reading "/home/gael-lopes/Projects/BaiaoTech/FrontendBaiaoTech/src/assets/categorias_icons/14.svg"
2025-09-06T17:38:17.702962Z  INFO tailwindcss_oxide::scanner: Reading "/home/gael-lopes/Projects/BaiaoTech/FrontendBaiaoTech/src/components/EventoPrincipal.tsx"
2025-09-06T17:38:17.702967Z  INFO tailwindcss_oxide::scanner: Reading "/home/gael-lopes/Projects/BaiaoTech/FrontendBaiaoTech/src/assets/site.svg"
2025-09-06T17:38:17.702984Z  INFO tailwindcss_oxide::scanner: Reading "/home/gael-lopes/Projects/BaiaoTech/FrontendBaiaoTech/src/lib/utils.ts"
2025-09-06T17:38:17.702987Z  INFO tailwindcss_oxide::scanner: Reading "/home/gael-lopes/Projects/BaiaoTech/FrontendBaiaoTech/src/pages/comunidades/[id]/index.tsx"
2025-09-06T17:38:17.702818Z  INFO tailwindcss_oxide::scanner: Reading "/home/gael-lopes/Projects/BaiaoTech/FrontendBaiaoTech/src/assets/logo/21.svg"
2025-09-06T17:38:17.702831Z  INFO tailwindcss_oxide::scanner: Reading "/home/gael-lopes/Projects/BaiaoTech/FrontendBaiaoTech/src/assets/logo/20.svg"
2025-09-06T17:38:17.703060Z  INFO tailwindcss_oxide::scanner: Reading "/home/gael-lopes/Projects/BaiaoTech/FrontendBaiaoTech/src/assets/categorias_icons/7.svg"
2025-09-06T17:38:17.703066Z  INFO tailwindcss_oxide::scanner: Reading "/home/gael-lopes/Projects/BaiaoTech/FrontendBaiaoTech/src/assets/categorias_icons/12.svg"
2025-09-06T17:38:17.703069Z  INFO tailwindcss_oxide::scanner: Reading "/home/gael-lopes/Projects/BaiaoTech/FrontendBaiaoTech/src/assets/categorias_icons/13.svg"
2025-09-06T17:38:17.702834Z  INFO tailwindcss_oxide::scanner: Reading "/home/gael-lopes/Projects/BaiaoTech/FrontendBaiaoTech/src/assets/categorias_icons/9.svg"
2025-09-06T17:38:17.703132Z  INFO tailwindcss_oxide::scanner: Reading "/home/gael-lopes/Projects/BaiaoTech/FrontendBaiaoTech/src/assets/categorias_icons/15.svg"
2025-09-06T17:38:17.703198Z  INFO tailwindcss_oxide::scanner: Reading "/home/gael-lopes/Projects/BaiaoTech/FrontendBaiaoTech/src/assets/categorias_icons/11.svg"
2025-09-06T17:38:17.703207Z  INFO tailwindcss_oxide::scanner: Reading "/home/gael-lopes/Projects/BaiaoTech/FrontendBaiaoTech/src/assets/categorias_icons/18.svg"
2025-09-06T17:38:17.702762Z  INFO tailwindcss_oxide::scanner: Reading "/home/gael-lopes/Projects/BaiaoTech/FrontendBaiaoTech/eslint.config.mjs"
2025-09-06T17:38:17.702850Z  INFO tailwindcss_oxide::scanner: Reading "/home/gael-lopes/Projects/BaiaoTech/FrontendBaiaoTech/src/pages/comunidades/index.tsx"
2025-09-06T17:38:17.702848Z  INFO tailwindcss_oxide::scanner: Reading "/home/gael-lopes/Projects/BaiaoTech/FrontendBaiaoTech/src/pages/eventos/index.tsx"
2025-09-06T17:38:17.702855Z  INFO tailwindcss_oxide::scanner: Reading "/home/gael-lopes/Projects/BaiaoTech/FrontendBaiaoTech/src/assets/chevron-bottom.svg"
2025-09-06T17:38:17.702883Z  INFO tailwindcss_oxide::scanner: Reading "/home/gael-lopes/Projects/BaiaoTech/FrontendBaiaoTech/src/assets/categorias_icons/10.svg"
2025-09-06T17:38:17.703252Z  INFO tailwindcss_oxide::scanner: Reading "/home/gael-lopes/Projects/BaiaoTech/FrontendBaiaoTech/src/assets/categorias_icons/16.svg"
2025-09-06T17:38:17.703504Z  INFO extract_candidates:read_all_files: tailwindcss_oxide::scanner: exit
2025-09-06T17:38:17.703524Z  INFO extract_candidates:parse_all_blobs: tailwindcss_oxide::scanner: enter
2025-09-06T17:38:17.703526Z  INFO extract_candidates:parse_all_blobs:extract: tailwindcss_oxide::scanner: enter
2025-09-06T17:38:17.705310Z  INFO extract_candidates:parse_all_blobs:extract: tailwindcss_oxide::scanner: exit
2025-09-06T17:38:17.705328Z  INFO extract_candidates:parse_all_blobs: tailwindcss_oxide::scanner: exit
2025-09-06T17:38:17.705332Z  INFO extract_candidates:read_all_files: tailwindcss_oxide::scanner: enter
2025-09-06T17:38:17.705334Z  INFO extract_candidates:read_all_files: tailwindcss_oxide::scanner: Reading 1 file(s)
2025-09-06T17:38:17.705352Z  INFO extract_candidates:read_all_files: tailwindcss_oxide::scanner: Reading "/home/gael-lopes/Projects/BaiaoTech/FrontendBaiaoTech/src/app/globals.css"
2025-09-06T17:38:17.705357Z  INFO extract_candidates:read_all_files: tailwindcss_oxide::scanner: exit
2025-09-06T17:38:17.705359Z  INFO extract_candidates:extract_css_variables: tailwindcss_oxide::scanner: enter
2025-09-06T17:38:17.705361Z  INFO extract_candidates:extract_css_variables:extract: tailwindcss_oxide::scanner: enter
2025-09-06T17:38:17.705425Z  INFO extract_candidates:extract_css_variables:extract: tailwindcss_oxide::scanner: exit
2025-09-06T17:38:17.705430Z  INFO extract_candidates:extract_css_variables: tailwindcss_oxide::scanner: exit
2025-09-06T17:38:17.705828Z  INFO extract_candidates: tailwindcss_oxide::scanner: exit
2025-09-06T17:38:17.706328Z  INFO get_files: tailwindcss_oxide::scanner: enter
2025-09-06T17:38:17.706339Z  INFO get_files:scan_sources: tailwindcss_oxide::scanner: enter
2025-09-06T17:38:17.706826Z  INFO get_files:scan_sources: tailwindcss_oxide::scanner: Discovering "/home/gael-lopes/Projects/BaiaoTech/FrontendBaiaoTech/public"
2025-09-06T17:38:17.706974Z  INFO get_files:scan_sources: tailwindcss_oxide::scanner: Discovering "/home/gael-lopes/Projects/BaiaoTech/FrontendBaiaoTech/src"
2025-09-06T17:38:17.706990Z  INFO get_files:scan_sources: tailwindcss_oxide::scanner: Discovering "/home/gael-lopes/Projects/BaiaoTech/FrontendBaiaoTech/src/routes"
2025-09-06T17:38:17.707009Z  INFO get_files:scan_sources: tailwindcss_oxide::scanner: Discovering "/home/gael-lopes/Projects/BaiaoTech/FrontendBaiaoTech/src/app"
2025-09-06T17:38:17.707037Z  INFO get_files:scan_sources: tailwindcss_oxide::scanner: Discovering "/home/gael-lopes/Projects/BaiaoTech/FrontendBaiaoTech/src/components"
2025-09-06T17:38:17.707072Z  INFO get_files:scan_sources: tailwindcss_oxide::scanner: Discovering "/home/gael-lopes/Projects/BaiaoTech/FrontendBaiaoTech/src/components/ui"
2025-09-06T17:38:17.707106Z  INFO get_files:scan_sources: tailwindcss_oxide::scanner: Discovering "/home/gael-lopes/Projects/BaiaoTech/FrontendBaiaoTech/src/components/Main"
2025-09-06T17:38:17.707145Z  INFO get_files:scan_sources: tailwindcss_oxide::scanner: Discovering "/home/gael-lopes/Projects/BaiaoTech/FrontendBaiaoTech/src/components/Footer"
2025-09-06T17:38:17.707162Z  INFO get_files:scan_sources: tailwindcss_oxide::scanner: Discovering "/home/gael-lopes/Projects/BaiaoTech/FrontendBaiaoTech/src/components/Header"
2025-09-06T17:38:17.707188Z  INFO get_files:scan_sources: tailwindcss_oxide::scanner: Discovering "/home/gael-lopes/Projects/BaiaoTech/FrontendBaiaoTech/src/services"
2025-09-06T17:38:17.707206Z  INFO get_files:scan_sources: tailwindcss_oxide::scanner: Discovering "/home/gael-lopes/Projects/BaiaoTech/FrontendBaiaoTech/src/types"
2025-09-06T17:38:17.707224Z  INFO get_files:scan_sources: tailwindcss_oxide::scanner: Discovering "/home/gael-lopes/Projects/BaiaoTech/FrontendBaiaoTech/src/assets"
2025-09-06T17:38:17.707255Z  INFO get_files:scan_sources: tailwindcss_oxide::scanner: Discovering "/home/gael-lopes/Projects/BaiaoTech/FrontendBaiaoTech/src/assets/logo"
2025-09-06T17:38:17.707293Z  INFO get_files:scan_sources: tailwindcss_oxide::scanner: Discovering "/home/gael-lopes/Projects/BaiaoTech/FrontendBaiaoTech/src/assets/categorias_icons"
2025-09-06T17:38:17.707385Z  INFO get_files:scan_sources: tailwindcss_oxide::scanner: Discovering "/home/gael-lopes/Projects/BaiaoTech/FrontendBaiaoTech/src/pages"
2025-09-06T17:38:17.707417Z  INFO get_files:scan_sources: tailwindcss_oxide::scanner: Discovering "/home/gael-lopes/Projects/BaiaoTech/FrontendBaiaoTech/src/pages/categorias"
2025-09-06T17:38:17.707450Z  INFO get_files:scan_sources: tailwindcss_oxide::scanner: Discovering "/home/gael-lopes/Projects/BaiaoTech/FrontendBaiaoTech/src/pages/categorias/[genero]"
2025-09-06T17:38:17.707473Z  INFO get_files:scan_sources: tailwindcss_oxide::scanner: Discovering "/home/gael-lopes/Projects/BaiaoTech/FrontendBaiaoTech/src/pages/eventos"
2025-09-06T17:38:17.707486Z  INFO get_files:scan_sources: tailwindcss_oxide::scanner: Discovering "/home/gael-lopes/Projects/BaiaoTech/FrontendBaiaoTech/src/pages/eventos/[id]"
2025-09-06T17:38:17.707505Z  INFO get_files:scan_sources: tailwindcss_oxide::scanner: Discovering "/home/gael-lopes/Projects/BaiaoTech/FrontendBaiaoTech/src/pages/comunidades"
2025-09-06T17:38:17.707518Z  INFO get_files:scan_sources: tailwindcss_oxide::scanner: Discovering "/home/gael-lopes/Projects/BaiaoTech/FrontendBaiaoTech/src/pages/comunidades/[id]"
2025-09-06T17:38:17.707540Z  INFO get_files:scan_sources: tailwindcss_oxide::scanner: Discovering "/home/gael-lopes/Projects/BaiaoTech/FrontendBaiaoTech/src/lib"
2025-09-06T17:38:17.707593Z  INFO get_files:scan_sources: tailwindcss_oxide::scanner: exit
2025-09-06T17:38:17.707676Z  INFO get_files: tailwindcss_oxide::scanner: exit
2025-09-06T17:38:17.707901Z  INFO get_globs: tailwindcss_oxide::scanner: enter
2025-09-06T17:38:17.707911Z  INFO get_globs:scan_sources: tailwindcss_oxide::scanner: enter
2025-09-06T17:38:17.708218Z  INFO get_globs:scan_sources: tailwindcss_oxide::scanner: Discovering "/home/gael-lopes/Projects/BaiaoTech/FrontendBaiaoTech/public"
2025-09-06T17:38:17.708329Z  INFO get_globs:scan_sources: tailwindcss_oxide::scanner: Discovering "/home/gael-lopes/Projects/BaiaoTech/FrontendBaiaoTech/src"
2025-09-06T17:38:17.708345Z  INFO get_globs:scan_sources: tailwindcss_oxide::scanner: Discovering "/home/gael-lopes/Projects/BaiaoTech/FrontendBaiaoTech/src/routes"
2025-09-06T17:38:17.708363Z  INFO get_globs:scan_sources: tailwindcss_oxide::scanner: Discovering "/home/gael-lopes/Projects/BaiaoTech/FrontendBaiaoTech/src/app"
2025-09-06T17:38:17.708389Z  INFO get_globs:scan_sources: tailwindcss_oxide::scanner: Discovering "/home/gael-lopes/Projects/BaiaoTech/FrontendBaiaoTech/src/components"
2025-09-06T17:38:17.708419Z  INFO get_globs:scan_sources: tailwindcss_oxide::scanner: Discovering "/home/gael-lopes/Projects/BaiaoTech/FrontendBaiaoTech/src/components/ui"
2025-09-06T17:38:17.708450Z  INFO get_globs:scan_sources: tailwindcss_oxide::scanner: Discovering "/home/gael-lopes/Projects/BaiaoTech/FrontendBaiaoTech/src/components/Main"
2025-09-06T17:38:17.708483Z  INFO get_globs:scan_sources: tailwindcss_oxide::scanner: Discovering "/home/gael-lopes/Projects/BaiaoTech/FrontendBaiaoTech/src/components/Footer"
2025-09-06T17:38:17.708499Z  INFO get_globs:scan_sources: tailwindcss_oxide::scanner: Discovering "/home/gael-lopes/Projects/BaiaoTech/FrontendBaiaoTech/src/components/Header"
2025-09-06T17:38:17.708520Z  INFO get_globs:scan_sources: tailwindcss_oxide::scanner: Discovering "/home/gael-lopes/Projects/BaiaoTech/FrontendBaiaoTech/src/services"
2025-09-06T17:38:17.708537Z  INFO get_globs:scan_sources: tailwindcss_oxide::scanner: Discovering "/home/gael-lopes/Projects/BaiaoTech/FrontendBaiaoTech/src/types"
2025-09-06T17:38:17.708555Z  INFO get_globs:scan_sources: tailwindcss_oxide::scanner: Discovering "/home/gael-lopes/Projects/BaiaoTech/FrontendBaiaoTech/src/assets"
2025-09-06T17:38:17.708588Z  INFO get_globs:scan_sources: tailwindcss_oxide::scanner: Discovering "/home/gael-lopes/Projects/BaiaoTech/FrontendBaiaoTech/src/assets/logo"
2025-09-06T17:38:17.708631Z  INFO get_globs:scan_sources: tailwindcss_oxide::scanner: Discovering "/home/gael-lopes/Projects/BaiaoTech/FrontendBaiaoTech/src/assets/categorias_icons"
2025-09-06T17:38:17.708763Z  INFO get_globs:scan_sources: tailwindcss_oxide::scanner: Discovering "/home/gael-lopes/Projects/BaiaoTech/FrontendBaiaoTech/src/pages"
2025-09-06T17:38:17.708797Z  INFO get_globs:scan_sources: tailwindcss_oxide::scanner: Discovering "/home/gael-lopes/Projects/BaiaoTech/FrontendBaiaoTech/src/pages/categorias"
2025-09-06T17:38:17.708820Z  INFO get_globs:scan_sources: tailwindcss_oxide::scanner: Discovering "/home/gael-lopes/Projects/BaiaoTech/FrontendBaiaoTech/src/pages/categorias/[genero]"
2025-09-06T17:38:17.708853Z  INFO get_globs:scan_sources: tailwindcss_oxide::scanner: Discovering "/home/gael-lopes/Projects/BaiaoTech/FrontendBaiaoTech/src/pages/eventos"
2025-09-06T17:38:17.708875Z  INFO get_globs:scan_sources: tailwindcss_oxide::scanner: Discovering "/home/gael-lopes/Projects/BaiaoTech/FrontendBaiaoTech/src/pages/eventos/[id]"
2025-09-06T17:38:17.708913Z  INFO get_globs:scan_sources: tailwindcss_oxide::scanner: Discovering "/home/gael-lopes/Projects/BaiaoTech/FrontendBaiaoTech/src/pages/comunidades"
2025-09-06T17:38:17.708934Z  INFO get_globs:scan_sources: tailwindcss_oxide::scanner: Discovering "/home/gael-lopes/Projects/BaiaoTech/FrontendBaiaoTech/src/pages/comunidades/[id]"
2025-09-06T17:38:17.708965Z  INFO get_globs:scan_sources: tailwindcss_oxide::scanner: Discovering "/home/gael-lopes/Projects/BaiaoTech/FrontendBaiaoTech/src/lib"
2025-09-06T17:38:17.709054Z  INFO get_globs:scan_sources: tailwindcss_oxide::scanner: exit
2025-09-06T17:38:17.710097Z  INFO get_globs: tailwindcss_oxide::scanner: exit
